<?xml version="1.0" encoding="UTF-8"?>
<testng-results ignored="0" total="1" passed="1" failed="0" skipped="0">
  <reporter-output>
  </reporter-output>
  <suite started-at="2024-01-09T07:13:32 IST" name="Default suite" finished-at="2024-01-09T07:13:47 IST" duration-ms="14708">
    <groups>
    </groups>
    <test started-at="2024-01-09T07:13:32 IST" name="Default test" finished-at="2024-01-09T07:13:47 IST" duration-ms="14708">
      <class name="test.Fblogintest">
        <test-method is-config="true" signature="setUp()[pri:0, instance:test.Fblogintest@5c5eefef]" started-at="2024-01-09T07:13:32 IST" name="setUp" finished-at="2024-01-09T07:13:38 IST" duration-ms="6085" status="PASS">
          <reporter-output>
          </reporter-output>
        </test-method> <!-- setUp -->
        <test-method is-config="true" signature="url()[pri:0, instance:test.Fblogintest@5c5eefef]" started-at="2024-01-09T07:13:38 IST" name="url" finished-at="2024-01-09T07:13:46 IST" duration-ms="7826" status="PASS">
          <reporter-output>
          </reporter-output>
        </test-method> <!-- url -->
        <test-method signature="testlogin()[pri:0, instance:test.Fblogintest@5c5eefef]" started-at="2024-01-09T07:13:46 IST" name="testlogin" finished-at="2024-01-09T07:13:47 IST" duration-ms="738" status="PASS">
          <reporter-output>
          </reporter-output>
        </test-method> <!-- testlogin -->
      </class> <!-- test.Fblogintest -->
    </test> <!-- Default test -->
  </suite> <!-- Default suite -->
</testng-results>
